<?xml version="1.0" encoding="UTF-8"?>
<!-- Generated by org.testng.reporters.JUnitReportReporter -->
<testsuite hostname="Deepika_hp" failures="0" tests="1" name="testScenarios.SwitchAlerts" time="11.302" errors="0" timestamp="2024-09-03T15:25:11 PDT" skipped="0">
  <testcase classname="testScenarios.SwitchAlerts" name="alerts" time="11.302"/>
  <system-out/>
</testsuite> <!-- testScenarios.SwitchAlerts -->
