<?xml version="1.0" encoding="UTF-8"?>
<!-- Generated by org.testng.reporters.JUnitReportReporter -->
<testsuite hostname="Deepika_hp" failures="0" tests="1" name="testScenarios.MouseActions" time="8.930" errors="0" timestamp="2024-09-03T15:25:11 PDT" skipped="0">
  <testcase classname="testScenarios.MouseActions" name="dragAnddrop" time="8.930"/>
  <system-out/>
</testsuite> <!-- testScenarios.MouseActions -->
