<?xml version="1.0" encoding="UTF-8"?>
<!-- Generated by org.testng.reporters.JUnitReportReporter -->
<testsuite hostname="Deepika_hp" failures="0" tests="1" name="testScenarios.SwitchingWin" time="7.707" errors="0" timestamp="2024-09-03T15:25:11 PDT" skipped="0">
  <testcase classname="testScenarios.SwitchingWin" name="switchWind" time="7.707"/>
  <system-out/>
</testsuite> <!-- testScenarios.SwitchingWin -->
