<?xml version="1.0" encoding="UTF-8"?>
<!-- Generated by org.testng.reporters.JUnitReportReporter -->
<testsuite hostname="Deepika_hp" failures="0" tests="1" name="testScenarios.Vindeep" time="10.863" errors="0" timestamp="2024-09-03T15:25:10 PDT" skipped="0">
  <testcase classname="testScenarios.Vindeep" name="vindeep" time="10.863"/>
  <system-out/>
</testsuite> <!-- testScenarios.Vindeep -->
