<?xml version="1.0" encoding="UTF-8"?>
<!-- Generated by org.testng.reporters.JUnitReportReporter -->
<testsuite hostname="Deepika_hp" failures="0" tests="1" name="testScenarios.MultipleListBox" time="11.445" errors="0" timestamp="2024-09-03T15:25:11 PDT" skipped="0">
  <testcase classname="testScenarios.MultipleListBox" name="multiList" time="11.445"/>
  <system-out>
    <![CDATA[Passed]]>
  </system-out>
</testsuite> <!-- testScenarios.MultipleListBox -->
