<?xml version="1.0" encoding="UTF-8"?>
<!-- Generated by org.testng.reporters.JUnitReportReporter -->
<testsuite hostname="Deepika_hp" failures="0" tests="1" name="testScenarios.HandlingDynData" time="3.955" errors="0" timestamp="2024-09-03T16:23:44 PDT" skipped="0">
  <testcase classname="testScenarios.HandlingDynData" name="dynDataMath" time="3.955"/>
  <system-out>
    <![CDATA[Passed]]>
  </system-out>
</testsuite> <!-- testScenarios.HandlingDynData -->
