<?xml version="1.0" encoding="UTF-8"?>
<!-- Generated by org.testng.reporters.JUnitReportReporter -->
<testsuite hostname="Deepika_hp" failures="0" tests="1" name="testScenarios.MouseActions" time="13.883" errors="0" timestamp="2024-09-04T16:29:12 PDT" skipped="0">
  <testcase classname="testScenarios.MouseActions" name="dragAnddrop" time="13.883"/>
  <system-out>
    <![CDATA[Passed]]>
  </system-out>
</testsuite> <!-- testScenarios.MouseActions -->
