<?xml version="1.0" encoding="UTF-8"?>
<!-- Generated by org.testng.reporters.JUnitReportReporter -->
<testsuite hostname="Deepika_hp" failures="0" tests="1" name="testScenarios.SwitchAlerts" time="8.582" errors="0" timestamp="2024-09-04T16:29:12 PDT" skipped="0">
  <testcase classname="testScenarios.SwitchAlerts" name="alerts" time="8.582"/>
  <system-out>
    <![CDATA[Passed]]>
  </system-out>
</testsuite> <!-- testScenarios.SwitchAlerts -->
